01:34:23.781|[32m INFO[m |> --- [       Thread-0] [36mc.r.s.t.Listener    (51)[m | TCP Socket is up on Port: 1331
01:34:23.788|[32m INFO[m |> --- [       Thread-0] [36mc.r.s.Server        (149)[m | Enter 'help' if you dont know what to do.

Listening...

14:15:42.342|[31mERROR[m |> --- [           main] [36mc.r.s.e.RSA         (80)[m | Failed to generate Key Specs and Keys from RSA Key Files!
15:16:12.286|[32m INFO[m |> --- [           main] [36mc.r.s.e.RSA         (53)[m | Pubkey wrote!
15:16:12.293|[32m INFO[m |> --- [           main] [36mc.r.s.e.RSA         (60)[m | Privkey wrote!
15:16:12.308|[31mERROR[m |> --- [           main] [36mc.r.s.e.RSA         (82)[m | Failed to generate Key Specs and Keys from RSA Key Files!
15:20:46.228|[32m INFO[m |> --- [           main] [36mc.r.s.e.RSA         (59)[m | Pubkey wrote!
15:20:46.236|[32m INFO[m |> --- [           main] [36mc.r.s.e.RSA         (68)[m | Privkey wrote!
15:26:15.932|[32m INFO[m |> --- [           main] [36mc.r.s.e.RSA         (62)[m | Pubkey wrote!
15:26:15.937|[32m INFO[m |> --- [           main] [36mc.r.s.e.RSA         (71)[m | Privkey wrote!
15:26:15.956|[31mERROR[m |> --- [           main] [36mc.r.s.e.RSA         (93)[m | Failed to generate Key Specs and Keys from RSA Key Files!
15:28:43.664|[32m INFO[m |> --- [           main] [36mc.r.s.e.RSA         (65)[m | Pubkey wrote!
15:28:43.669|[32m INFO[m |> --- [           main] [36mc.r.s.e.RSA         (74)[m | Privkey wrote!
15:28:43.691|[31mERROR[m |> --- [           main] [36mc.r.s.e.RSA         (100)[m | Failed to generate Key Specs and Keys from RSA Key Files!
15:33:22.018|[32m INFO[m |> --- [           main] [36mc.r.s.e.RSA         (64)[m | Pubkey wrote!
15:33:22.025|[32m INFO[m |> --- [           main] [36mc.r.s.e.RSA         (71)[m | Privkey wrote!
15:45:14.233|[31mERROR[m |> --- [           main] [36mc.r.s.e.RSA         (157)[m | Failed to load RSA Keys!
15:45:27.802|[32m INFO[m |> --- [           main] [36mc.r.s.e.RSA         (101)[m | Host RSA Public Key wrote!
15:45:27.809|[32m INFO[m |> --- [           main] [36mc.r.s.e.RSA         (108)[m | Host RSA Private Key wrote!
15:45:27.811|[32m INFO[m |> --- [           main] [36mc.r.s.e.RSA         (126)[m | RSA Public Key loaded (Host)!
15:45:27.811|[32m INFO[m |> --- [           main] [36mc.r.s.e.RSA         (128)[m | RSA Private Key loaded (Host)!
15:45:27.812|[31mERROR[m |> --- [           main] [36mc.r.s.e.RSA         (157)[m | Failed to load RSA Keys!
17:15:56.624|[31mERROR[m |> --- [           main] [36mc.r.c.Client        (265)[m | 127.0.0.11331
17:15:56.648|[31mERROR[m |> --- [           main] [36mc.r.c.Client        (275)[m | CheckTrigTrue
17:15:56.652|[31mERROR[m |> --- [           main] [36mc.17:15:56.733|[32m INFO[m |> --- [       Thread-1] [36mc.r.s.Server        (323)[m | Added Session Nr. 1 to the session list!
17:15:56.735|[32m INFO[m |> --- [       Thread-1] [36mc.r.s.t.Listener    (76)[m | Connection received from localhost:1331
17:15:56.735|[32m INFO[m |> --- [       Thread-1] [36mc.r.s.Server        (343)[m | Getting interaction for sessioNumber: 1
17:15:56.735|[32m INFO[m |> --- [       Thread-1] [36mc.r.s.Server        (344)[m | Type is: TCP
17:15:56.736|[32m INFO[m |> --- [       Thread-1] [36mc.r.s.Server        (343)[m | Getting interaction for sessioNumbe17:15:57.949|[32m INFO[m |> --- [           main] [36mc.r.c.Client        (404)[m | ls
17:15:57.959|[31mERROR[m |> --- [           main] [36mc.r.c.Client        (298)[m | Send message :Cevsn
logs
Readme.md
revsni
Revsni.code-workspace
To-Do

2m INFO[m |> --- [       Thread-0] [36mc.r.s.Server        (344)[m | Type is: TCP
17:15:57.949|[32m INFO[m |> --- [       Thread-0] [36mc.r.s.t.Handler     (107)[m | Waiting for response
17:16:00.733|[32m INFO[m |> --- [       Thread-0] [36mc.r.s.Server        (243)[m | Server is shutting down
17:16:00.733|[32m INFO[m |> --- [       Thread-1] [36mc.r.s.t.Listener    (82)[m | Error in TCP Listener Thread!
17:16:13.853|[32m INFO[m |> --- [       Thread-0] [36mc.r.s.t.Listener    (51)[m | TCP Socket is up on Port: 1331
17:16:13.859|[32m INFO[m |> --- [       Thread-0] [36mc.r.s.Server        (149)[m | Enter 'help' if you dont know what to do.

Listening...

20:42:40.047|[32m INFO[m |> --- [       Thread-0] [36mc.r.s.t.Listener    (51)[m | TCP Socket is up on Port: 1331
20:42:40.054|[32m INFO[m |> --- [       Thread-0] [36mc.r.s.Server        (149)[m | Enter 'help' if you dont know what to do.

Listening...

20:43:09.112|[32m INFO[m |> --- [       Thread-0] [36mc.r.s.t.Listener    (51)[m | TCP Socket is up on Port: 1331
20:43:09.117|[32m INFO[m |> --- [       Thread-0] [36mc.r.s.Server        (149)[m | Enter 'help' if you dont know what to do.

Listening...

20:56:44.504|[32m INFO[m |> --- [       Thread-1] [36mc.r.s.t.Listener    (82)[m | Error in TCP Listener Thread!
11:31:58.042|[31mERROR[m |> --- [           main] [36mc.r.c.Client        (265)[m | 127.0.0.11331
11:31:58.048|[31mERROR[m |> --- [           main] [36mc.r.c.Client        (275)[m | CheckTrigTrue
11:31:58.049|[31mERROR[m |> --- [           main] [36mc.r.c.Client        (610)[m | Passed checktrig
11:31:58.050|[32m INFO[m |> --- [           main] [36mc.r.c.Client        (92)[m | Init started!
11:31:58.050|[31mERROR[m |> --- [           main] [36mc.r.c.Client        (122)[m | INIT
11:31:58.051|[31mERROR[m |> --- [           main] [36mc.r.c.Client        (126)[m | 127.0.0.1 
11:31:58.051|[31mERROR[m |> --- [           main] [36mc.r.c.Client        (127)[m | 1331
11:31:58.053|[31mERROR[m |> --- [           main] [36mc.r.c.Client        (140)[m | catch in init
11:32:10.057|[31mERROR[m |> --- [           main] [36mc.r.c.Client        (265)[m | 127.0.0.11331
11:32:10.057|[31mERROR[m |> --- [           main] [36mc.r.c.Client        (275)[m | CheckTrigTrue
11:32:10.058|[31mERROR[m |> --- [           main] [36mc.r.c.Client        (610)[m | Passed checktrig
11:32:10.058|[32m INFO[m |> --- [           main] [36mc.r.c.Client        (92)[m | Init started!
11:32:10.058|[31mERROR[m |> --- [           main] [36mc.r.c.Client        (122)[m | INIT
11:32:10.059|[31mERROR[m |> --- [           main] [36mc.r.c.Client        (126)[m | 127.0.0.1 
11:32:10.059|[31mERROR[m |> --- [           main] [36mc.r.c.Client        (127)[m | 1331
11:32:10.059|[31mERROR[m |> --- [           main] [36mc.r.c.Client        (140)[m | catch in init
11:32:22.064|[31mERROR[m |> --- [           main] [36mc.r.c.Client        (265)[m | 127.0.0.11331
11:32:22.065|[31mERROR[m |> --- [           main] [36mc.r.c.Client        (275)[m | CheckTrigTrue
11:32:22.066|[31mERROR[m |> --- [           main] [36mc.r.c.Client        (610)[m | Passed checktrig
11:32:22.066|[32m INFO[m |> --- [           main] [36mc.r.c.Client        (92)[m | Init started!
11:32:22.067|[31mERROR[m |> --- [           main] [36mc.r.c.Client        (122)[m | INIT
11:32:22.067|[31mERROR[m |> --- [           main] [36mc.r.c.Client        (126)[m | 127.0.0.1 
11:32:22.067|[31mERROR[m |> --- [           main] [36mc.r.c.Client        (127)[m | 1331
11:32:22.083|[31mERROR[m |> --- [           main] [36mc.r.c.Client        (298)[m | Send message :11:32:24.886|[31mERROR[m |> --- [           main] [36mc.r.c.Client     11:32:41.596|[31mERROR[m |> --- [           main] [36mc.r.c.Client        (265)[m | 127.0.0.11331
11:32:41.597|[31mERROR[m |> --- [           main] [36mc.r.c.Client        (275)[m | CheckTrigTrue
11:32:41.597|[31mERROR[m |> --- [           main] [36mc.r.c.Client        (610)[m | Passed checktrig
11:32:41.598|[32m INFO[m |> --- [           main] [36mc.r.c.Client        (92)[m | Init started!
11:32:41.598|[31mERROR[m |> --- [           main] [36mc.r.c.Client        (122)[m | INIT
11:32:41.598|[31mERROR[m |> --- [           main] [36mc.r.c.Client        (126)[m | 127.0.0.1 
11:32:41.599|[31mERROR[m |> --- [           main] [36mc.r.c.Client        (127)[m | 1331
11:32:41.600|[31mERROR[m |> --- [           main] [36mc.r.c.Client        (140)[m | catch in init
11:32:53.604|[31mERROR[m |> --- [           main] [36mc.r.c.Client        (265)[m | 127.0.0.11331
11:32:53.605|[31mERROR[m |> --- [           main] [36mc.r.c.Client        (275)[m | CheckTrigTrue
11:32:53.605|[31mERROR[m |> --- [           main] [36mc.r.c.Client        (610)[m | Passed checktrig
11:32:53.605|[32m INFO[m |> --- [           main] [36mc.r.c.Client        (92)[m | Init started!
11:32:53.605|[31mERROR[m |> --- [           main] [36mc.r.c.Client        (122)[m | INIT
11:32:53.606|[31mERROR[m |> --- [           main] [36mc.r.c.Client        (126)[m | 127.0.0.1 
11:32:53.607|[31mERROR[m |> --- [           main] [36mc.r.c.Client        (127)[m | 1331
11:32:53.626|[31mERROR[m |> --- [           main] [36mc.r.c.Client        (298)[m | Send message :c50fb950-3324-421e-8151-c051b899819c: just arrived to vacation! On: Linux
11:33:47.777|[32m INFO[m |> --- [           main] [36mc.r.c.Client        (404)[m | ls
11:33:47.791|[31mERROR[m |> --- [           main] [36mc.r.c.Client        (298)[m | Send message :Cevsn
logs
Readme.md
revsni
Revsni.code-workspace
To-Do

32m INFO[m |> --- [           main] [36mc.r.c.Client        (92)[m | Init started!
11:32:53.618|[31mERROR[m |> --- [           main] [36mc.r.c.Client        (122)[m | INIT
11:32:53.61811:32:53.629|[32m INFO[m |> --- [       Thread-1] [36mc.r.s.Server        (323)[m | Added Session Nr. 1 to the session list!
11:32:53.630|[32m INFO[m |> --- [       Thread-1]11:32:53.633|[31mERROR[m |> --- [           main] [36mc.r.c.Client        (298)[m | Send message :9038ede1-2fe3-4824-8d11-4d3474145481: just arrived to vacation! On: Linux
11:32:59.997|[32m INFO[m |> --- [           main] [36mc.r.c.Client        (404)[m | ls
11:33:00.022|[31mERROR[m |> --- [           main] [36mc.r.c.Client        (298)[m | Send message :Cevsn
logs
Readme.md
revsni
Revsni.code-workspace
To-Do

11:33:10.023|[32m INFO[m |> --- [           main] [36mc.r.c.Client        (404)[m | httpSw
11:33:10.026|[31mERROR[m |> --- [           main] [36mc.r.c.Client        (265)[m | 127.0.0.18114
11:33:10.027|[31mERROR[m |> --- [           main] [36mc.r.c.Client        (275)[m | CheckTrigTrue
11:33:10.027|[32m INFO[m |> --- [           main] [36mc.r.c.Client        (92)[m | Init started!
11:33:10.308|[32m INFO[m |> --- [           main] [36mc.r.c.Client        (404)[m | whoami
11:33:10.311|[31mERROR[m |> --- [           main] [36mc.r.c.Client        (298)[m | Send message :shorida

11:33:10.313|[32m INFO[m |> --- [           main] [36mc.r.c.Client        (313)[m | http://127.0.0.1:8114/lit
11:33:30.321|[32m INFO[m |> --- [           main] [36mc.r.c.Client        (404)[m | whoami
11:33:30.322|[31mERROR[m |> --- [           main] [36mc.r.c.Client        (298)[m | Send message :shorida

11:33:30.324|[32m INFO[m |> --- [           main] [36mc.r.c.Client        (313)[m | http://127.0.0.1:8114/lit
11:33:40.332|[32m INFO[m |> --- [           main] [36mc.r.c.Client        (481)[m | No instructions
11:33:50.336|[32m INFO[m |> --- [           main] [36mc.r.c.Client        (481)[m | No instructions
11:34:00.340|[32m INFO[m |> --- [           main] [36mc.r.c.Client        (481)[m | No instructions
11:34:10.344|[32m INFO[m |> --- [           main] [36mc.r.c.Client        (481)[m | No instructions
11:34:20.349|[32m INFO[m |> --- [           main] [36mc.r.c.Client        (481)[m | No instructions
11:34:30.353|[32m INFO[m |> --- [           main] [36mc.r.c.Client        (481)[m | No instructions
11:34:40.358|[32m INFO[m |> --- [           main] [36mc.r.c.Client        (481)[m | No instructions
11:34:50.362|[32m INFO[m |> --- [           main] [36mc.r.c.Client        (481)[m | No instructions
11:35:00.366|[32m INFO[m |> --- [           main] [36mc.r.c.Client        (481)[m | No instructions
11:35:10.371|[32m INFO[m |> --- [           main] [36mc.r.c.Client        (481)[m | No instructions
11:35:20.376|[32m INFO[m |> --- [           main] [36mc.r.c.Client        (481)[m | No instructions
  Thread-0] [36mc.r.s.t.Handler     (115)[m | Waiting for response
